{
  "RSpec": {
    "coverage": {
      "/Users/straw/projects/wdi-5/03-rails/dtfme/spec/controllers/application_controller_spec.rb": [
        1,
        null,
        1,
        null,
        null,
        null,
        null,
        null
      ],
      "/Users/straw/projects/wdi-5/03-rails/dtfme/spec/rails_helper.rb": [
        null,
        1,
        1,
        1,
        1,
        null,
        null,
        null,
        null,
        null,
        null,
        null,
        null,
        1,
        null,
        null,
        null,
        1,
        null,
        1,
        null,
        1,
        null,
        null,
        null,
        null,
        1,
        null,
        null,
        null,
        null,
        null,
        null,
        null,
        null,
        null,
        null,
        null,
        null,
        null,
        null,
        1,
        null
      ],
      "/Users/straw/projects/wdi-5/03-rails/dtfme/config/environment.rb": [
        null,
        1,
        null,
        null,
        1
      ],
      "/Users/straw/projects/wdi-5/03-rails/dtfme/config/application.rb": [
        1,
        null,
        1,
        null,
        null,
        null,
        1,
        null,
        1,
        1,
        null,
        null,
        null,
        1,
        null,
        null,
        null,
        null,
        null,
        null,
        null,
        null,
        null
      ],
      "/Users/straw/projects/wdi-5/03-rails/dtfme/config/boot.rb": [
        null,
        1,
        null,
        1
      ],
      "/Users/straw/projects/wdi-5/03-rails/dtfme/config/environments/test.rb": [
        1,
        null,
        null,
        null,
        null,
        null,
        null,
        1,
        null,
        null,
        null,
        null,
        1,
        null,
        null,
        1,
        1,
        null,
        null,
        1,
        1,
        null,
        null,
        1,
        null,
        null,
        1,
        null,
        null,
        null,
        null,
        1,
        null,
        null,
        1,
        null,
        null,
        null,
        null
      ],
      "/Users/straw/projects/wdi-5/03-rails/dtfme/config/initializers/backtrace_silencers.rb": [
        null,
        null,
        null,
        null,
        null,
        null,
        null
      ],
      "/Users/straw/projects/wdi-5/03-rails/dtfme/config/initializers/cookies_serializer.rb": [
        null,
        null,
        1
      ],
      "/Users/straw/projects/wdi-5/03-rails/dtfme/config/initializers/filter_parameter_logging.rb": [
        null,
        null,
        null,
        1
      ],
      "/Users/straw/projects/wdi-5/03-rails/dtfme/config/initializers/inflections.rb": [
        null,
        null,
        null,
        null,
        null,
        null,
        null,
        null,
        null,
        null,
        null,
        null,
        null,
        null,
        null,
        null
      ],
      "/Users/straw/projects/wdi-5/03-rails/dtfme/config/initializers/mime_types.rb": [
        null,
        null,
        null,
        null
      ],
      "/Users/straw/projects/wdi-5/03-rails/dtfme/config/initializers/omniauth.rb": [
        null,
        null,
        null,
        null,
        null
      ],
      "/Users/straw/projects/wdi-5/03-rails/dtfme/config/initializers/session_store.rb": [
        null,
        null,
        1
      ],
      "/Users/straw/projects/wdi-5/03-rails/dtfme/config/initializers/wrap_parameters.rb": [
        null,
        null,
        null,
        null,
        null,
        null,
        1,
        1,
        null,
        null,
        null,
        null,
        null,
        null
      ],
      "/Users/straw/projects/wdi-5/03-rails/dtfme/config/routes.rb": [
        1,
        1,
        1,
        1,
        1,
        null,
        1,
        null,
        1,
        1,
        null,
        1,
        1,
        1,
        1,
        1,
        1,
        1,
        1,
        1,
        null,
        1,
        1,
        null,
        null
      ],
      "/Users/straw/projects/wdi-5/03-rails/dtfme/app/helpers/application_helper.rb": [
        1,
        1,
        0,
        null,
        0,
        0,
        0,
        null,
        0,
        null,
        0,
        0,
        0,
        null,
        null,
        0,
        null,
        null
      ],
      "/Users/straw/projects/wdi-5/03-rails/dtfme/app/controllers/application_controller.rb": [
        1,
        null,
        null,
        1,
        null,
        1,
        null,
        1,
        null,
        1,
        13,
        4,
        null,
        null,
        13,
        9,
        null,
        null,
        null,
        1,
        0,
        null,
        null,
        1,
        0,
        null,
        null,
        1,
        1,
        null,
        null,
        null,
        null,
        null,
        1,
        1,
        1,
        null,
        null,
        null
      ],
      "/Users/straw/projects/wdi-5/03-rails/dtfme/spec/controllers/brands_controller_spec.rb": [
        1,
        null,
        1,
        null,
        null,
        null,
        null,
        null
      ],
      "/Users/straw/projects/wdi-5/03-rails/dtfme/app/controllers/brands_controller.rb": [
        1,
        1,
        null,
        1,
        0,
        0,
        0,
        0,
        0,
        null,
        0,
        0,
        0,
        0,
        null,
        0,
        0,
        0,
        0,
        0,
        0,
        null,
        null,
        null,
        0,
        null,
        null,
        null,
        1,
        0,
        null,
        0,
        0,
        null,
        0,
        null,
        null,
        null,
        1,
        null,
        0,
        null,
        null,
        1,
        0,
        null,
        null,
        1,
        0,
        0,
        null,
        null,
        1,
        0,
        0,
        0,
        null,
        null,
        1,
        0,
        0,
        0,
        null,
        null,
        1,
        1,
        0,
        null,
        null,
        null
      ],
      "/Users/straw/projects/wdi-5/03-rails/dtfme/spec/controllers/items_controller_spec.rb": [
        1,
        null,
        1,
        null,
        null,
        null,
        null,
        null
      ],
      "/Users/straw/projects/wdi-5/03-rails/dtfme/app/controllers/items_controller.rb": [
        1,
        1,
        null,
        1,
        0,
        0,
        null,
        null,
        1,
        0,
        0,
        0,
        0,
        null,
        0,
        0,
        null,
        null,
        0,
        0,
        null,
        0,
        null,
        0,
        null,
        null,
        1,
        0,
        0,
        0,
        0,
        0,
        null,
        0,
        null,
        null,
        null,
        1,
        null,
        0,
        null,
        null,
        1,
        0,
        0,
        0,
        null,
        0,
        null,
        null,
        null,
        1,
        0,
        null,
        null,
        1,
        0,
        0,
        0,
        null,
        null,
        1,
        0,
        0,
        0,
        null,
        null,
        1,
        1,
        0,
        null,
        null,
        null
      ],
      "/Users/straw/projects/wdi-5/03-rails/dtfme/spec/controllers/outfits_controller_spec.rb": [
        1,
        null,
        1,
        null,
        null,
        null,
        null,
        null
      ],
      "/Users/straw/projects/wdi-5/03-rails/dtfme/app/controllers/outfits_controller.rb": [
        1,
        1,
        1,
        0,
        null,
        null,
        1,
        0,
        0,
        0,
        null,
        null,
        1,
        0,
        0,
        0,
        0,
        0,
        null,
        null,
        0,
        null,
        0,
        null,
        0,
        0,
        0,
        0,
        null,
        null,
        null,
        null,
        null,
        null,
        null,
        null,
        null,
        null,
        null,
        null,
        null,
        null,
        null,
        null,
        1,
        0,
        null,
        null,
        1,
        0,
        null,
        null,
        1,
        0,
        0,
        0,
        null,
        null,
        1,
        0,
        0,
        0,
        null,
        null,
        1,
        1,
        0,
        null,
        null,
        1,
        0,
        0,
        null,
        0,
        null,
        null,
        null,
        1,
        0,
        0,
        0,
        null,
        null,
        null
      ],
      "/Users/straw/projects/wdi-5/03-rails/dtfme/spec/controllers/pages_controller_spec.rb": [
        1,
        null,
        1,
        null,
        null,
        null,
        null,
        null
      ],
      "/Users/straw/projects/wdi-5/03-rails/dtfme/app/controllers/pages_controller.rb": [
        1,
        1,
        0,
        0,
        0,
        null,
        0,
        null,
        null,
        null,
        null,
        null,
        null
      ],
      "/Users/straw/projects/wdi-5/03-rails/dtfme/spec/controllers/sessions_controller_spec.rb": [
        1,
        null,
        1,
        null,
        null,
        null,
        null,
        null
      ],
      "/Users/straw/projects/wdi-5/03-rails/dtfme/app/controllers/sessions_controller.rb": [
        1,
        1,
        null,
        null,
        1,
        0,
        null,
        null,
        1,
        0,
        0,
        0,
        0,
        0,
        0,
        0,
        0,
        0,
        0,
        0,
        null,
        0,
        0,
        null,
        0,
        null,
        0,
        0,
        null,
        null,
        null,
        1,
        null,
        0,
        0,
        0,
        0,
        null,
        null,
        0,
        0,
        null,
        null,
        null,
        1,
        null,
        0,
        0,
        null,
        0,
        null,
        null,
        1,
        1,
        0,
        null,
        null,
        null
      ],
      "/Users/straw/projects/wdi-5/03-rails/dtfme/spec/controllers/users_controller_spec.rb": [
        1,
        null,
        1,
        null,
        null,
        1,
        1,
        3,
        9,
        null,
        3,
        null,
        null,
        1,
        1,
        3,
        null,
        null,
        1,
        1,
        1,
        null,
        null,
        1,
        1,
        1,
        1,
        1,
        null,
        null,
        1,
        1,
        null,
        null,
        null,
        null,
        null,
        1,
        1,
        1,
        4,
        null,
        null,
        1,
        1,
        null,
        null,
        1,
        1,
        null,
        null,
        1,
        1,
        1,
        null,
        null,
        1,
        1,
        1,
        null,
        null,
        null,
        null,
        null,
        null,
        null,
        1,
        1,
        2,
        null,
        null,
        1,
        1,
        null,
        null,
        1,
        1,
        null,
        null,
        null,
        null,
        null,
        1,
        1,
        1,
        3,
        3,
        null,
        null,
        1,
        null,
        null,
        null,
        null,
        1,
        1,
        1,
        null,
        null,
        1,
        1,
        1,
        null,
        null,
        null,
        null,
        null,
        null,
        null,
        null
      ],
      "/Users/straw/projects/wdi-5/03-rails/dtfme/app/controllers/users_controller.rb": [
        1,
        1,
        null,
        null,
        1,
        3,
        null,
        null,
        1,
        10,
        null,
        10,
        10,
        10,
        8,
        8,
        8,
        null,
        2,
        null,
        null,
        null,
        1,
        null,
        0,
        null,
        null,
        1,
        0,
        0,
        0,
        null,
        null,
        null,
        1,
        0,
        0,
        0,
        0,
        null,
        null,
        null,
        1,
        0,
        null,
        0,
        0,
        0,
        0,
        null,
        0,
        null,
        null,
        0,
        0,
        null,
        null,
        null,
        1,
        0,
        0,
        0,
        null,
        0,
        null,
        0,
        0,
        null,
        null,
        1,
        0,
        0,
        0,
        null,
        null,
        1,
        0,
        0,
        0,
        null,
        null,
        1,
        null,
        0,
        0,
        0,
        0,
        null,
        null,
        1,
        1,
        10,
        null,
        null,
        null
      ],
      "/Users/straw/projects/wdi-5/03-rails/dtfme/spec/helpers/application_helper_spec.rb": [
        1,
        null,
        1,
        1,
        1,
        1,
        null,
        null,
        null,
        null,
        null,
        null,
        1,
        null,
        null,
        null,
        1,
        null,
        null,
        null,
        null,
        null,
        null
      ],
      "/Users/straw/projects/wdi-5/03-rails/dtfme/spec/models/brand_spec.rb": [

      ],
      "/Users/straw/projects/wdi-5/03-rails/dtfme/spec/models/category_spec.rb": [

      ],
      "/Users/straw/projects/wdi-5/03-rails/dtfme/spec/models/friendship_spec.rb": [

      ],
      "/Users/straw/projects/wdi-5/03-rails/dtfme/spec/models/item_spec.rb": [

      ],
      "/Users/straw/projects/wdi-5/03-rails/dtfme/spec/models/outfit_spec.rb": [

      ],
      "/Users/straw/projects/wdi-5/03-rails/dtfme/spec/models/type_spec.rb": [

      ],
      "/Users/straw/projects/wdi-5/03-rails/dtfme/spec/models/user_spec.rb": [

      ],
      "/Users/straw/projects/wdi-5/03-rails/dtfme/app/models/user.rb": [
        null,
        null,
        null,
        null,
        null,
        null,
        null,
        null,
        null,
        null,
        null,
        null,
        null,
        null,
        null,
        null,
        null,
        null,
        1,
        1,
        1,
        1,
        1,
        null,
        1,
        1,
        1,
        1,
        1,
        1,
        1,
        1,
        null,
        1,
        0,
        null,
        null
      ],
      "/Users/straw/projects/wdi-5/03-rails/dtfme/app/uploaders/avatar_uploader.rb": [
        null,
        null,
        1,
        null,
        null,
        null,
        1,
        null,
        1,
        1,
        null,
        0,
        null,
        null,
        null,
        1,
        null,
        null,
        null,
        null,
        1,
        0,
        null,
        null,
        null,
        null,
        null,
        null,
        null,
        null,
        null,
        null,
        1,
        0,
        null,
        null,
        null,
        null,
        null,
        null,
        null,
        null,
        null,
        null,
        1,
        1,
        null,
        null,
        1,
        1,
        null,
        null,
        null,
        null,
        1,
        0,
        null,
        null,
        null,
        null,
        null,
        null,
        null,
        null,
        null
      ]
    },
    "timestamp": 1407585482
  }
}
